2022-04-21 18:39:10.776  INFO 26216 --- [main] c.e.APIAircraft.ApiAircraftApplication   : Starting ApiAircraftApplication using Java 17.0.2 on DESKTOP-RH1MBJU with PID 26216 (D:\Workspace\Project\ProjectJavaAircraft\APIAircraft\target\classes started by SEB in D:\Workspace\Project\ProjectJavaAircraft\APIAircraft)
2022-04-21 18:39:10.778  INFO 26216 --- [main] c.e.APIAircraft.ApiAircraftApplication   : No active profile set, falling back to 1 default profile: "default"
2022-04-21 18:39:11.157  INFO 26216 --- [main] .s.d.r.c.RepositoryConfigurationDelegate : Bootstrapping Spring Data JPA repositories in DEFAULT mode.
2022-04-21 18:39:11.190  INFO 26216 --- [main] .s.d.r.c.RepositoryConfigurationDelegate : Finished Spring Data repository scanning in 27 ms. Found 3 JPA repository interfaces.
2022-04-21 18:39:11.604  INFO 26216 --- [main] o.s.b.w.embedded.tomcat.TomcatWebServer  : Tomcat initialized with port(s): 9090 (http)
2022-04-21 18:39:11.611  INFO 26216 --- [main] o.apache.catalina.core.StandardService   : Starting service [Tomcat]
2022-04-21 18:39:11.611  INFO 26216 --- [main] org.apache.catalina.core.StandardEngine  : Starting Servlet engine: [Apache Tomcat/9.0.62]
2022-04-21 18:39:11.680  INFO 26216 --- [main] o.a.c.c.C.[Tomcat].[localhost].[/]       : Initializing Spring embedded WebApplicationContext
2022-04-21 18:39:11.680  INFO 26216 --- [main] w.s.c.ServletWebServerApplicationContext : Root WebApplicationContext: initialization completed in 867 ms
2022-04-21 18:39:11.889  INFO 26216 --- [main] o.hibernate.jpa.internal.util.LogHelper  : HHH000204: Processing PersistenceUnitInfo [name: default]
2022-04-21 18:39:11.930  INFO 26216 --- [main] org.hibernate.Version                    : HHH000412: Hibernate ORM core version 5.6.8.Final
2022-04-21 18:39:12.027  INFO 26216 --- [main] o.hibernate.annotations.common.Version   : HCANN000001: Hibernate Commons Annotations {5.1.2.Final}
2022-04-21 18:39:12.089  INFO 26216 --- [main] com.zaxxer.hikari.HikariDataSource       : HikariPool-1 - Starting...
2022-04-21 18:39:12.551  INFO 26216 --- [main] com.zaxxer.hikari.HikariDataSource       : HikariPool-1 - Start completed.
2022-04-21 18:39:12.563  INFO 26216 --- [main] org.hibernate.dialect.Dialect            : HHH000400: Using dialect: org.hibernate.dialect.MySQL5Dialect
2022-04-21 18:39:12.902  INFO 26216 --- [main] o.h.e.t.j.p.i.JtaPlatformInitiator       : HHH000490: Using JtaPlatform implementation: [org.hibernate.engine.transaction.jta.platform.internal.NoJtaPlatform]
2022-04-21 18:39:12.909  INFO 26216 --- [main] j.LocalContainerEntityManagerFactoryBean : Initialized JPA EntityManagerFactory for persistence unit 'default'
2022-04-21 18:39:13.228  WARN 26216 --- [main] JpaBaseConfiguration$JpaWebConfiguration : spring.jpa.open-in-view is enabled by default. Therefore, database queries may be performed during view rendering. Explicitly configure spring.jpa.open-in-view to disable this warning
2022-04-21 18:39:13.519  INFO 26216 --- [main] o.s.b.w.embedded.tomcat.TomcatWebServer  : Tomcat started on port(s): 9090 (http) with context path ''
2022-04-21 18:39:13.526  INFO 26216 --- [main] c.e.APIAircraft.ApiAircraftApplication   : Started ApiAircraftApplication in 3.013 seconds (JVM running for 3.254)
2022-04-21 18:39:30.791  INFO 26216 --- [http-nio-9090-exec-1] o.a.c.c.C.[Tomcat].[localhost].[/]       : Initializing Spring DispatcherServlet 'dispatcherServlet'
2022-04-21 18:39:30.792  INFO 26216 --- [http-nio-9090-exec-1] o.s.web.servlet.DispatcherServlet        : Initializing Servlet 'dispatcherServlet'
2022-04-21 18:39:30.792  INFO 26216 --- [http-nio-9090-exec-1] o.s.web.servlet.DispatcherServlet        : Completed initialization in 0 ms
